<?xml version="1.0" encoding="UTF-8"?>
<testsuite xmlns:xsi="http://www.w3.org/2001/XMLSchema-instance" xsi:noNamespaceSchemaLocation="https://maven.apache.org/surefire/maven-surefire-plugin/xsd/surefire-test-report-3.0.xsd" version="3.0" name="edu.brandeis.cosi103a.ip2.AppTest" time="0.045" tests="15" errors="0" skipped="0" failures="0">
  <properties>
[...]
</properties>
  <testcase name="testAutomationPointsCalculation" classname="edu.brandeis.cosi103a.ip2.AppTest" time="0.004"/>
  <testcase name="testGameEndCondition" classname="edu.brandeis.cosi103a.ip2.AppTest" time="0"/>
  <testcase name="testCardDeckCorrectCounts" classname="edu.brandeis.cosi103a.ip2.AppTest" time="0"/>
  <testcase name="testTwoPlayers" classname="edu.brandeis.cosi103a.ip2.AppTest" time="0.001"/>
  <testcase name="testPurchaseCard" classname="edu.brandeis.cosi103a.ip2.AppTest" time="0"/>
  <testcase name="testStarterDeckDistribution" classname="edu.brandeis.cosi103a.ip2.AppTest" time="0"/>
  <testcase name="testMoneyResetAfterCleanup" classname="edu.brandeis.cosi103a.ip2.AppTest" time="0"/>
  <testcase name="testAutomationCardProperties" classname="edu.brandeis.cosi103a.ip2.AppTest" time="0"/>
  <testcase name="testRandomStartingPlayer" classname="edu.brandeis.cosi103a.ip2.AppTest" time="0"/>
  <testcase name="testCryptocurrencyCardProperties" classname="edu.brandeis.cosi103a.ip2.AppTest" time="0"/>
  <testcase name="testCardDeckInitialization" classname="edu.brandeis.cosi103a.ip2.AppTest" time="0"/>
  <testcase name="testCleanupPhaseClearsHand" classname="edu.brandeis.cosi103a.ip2.AppTest" time="0"/>
  <testcase name="testInitialHandSize" classname="edu.brandeis.cosi103a.ip2.AppTest" time="0"/>
  <testcase name="testPlayCryptocurrencyCard" classname="edu.brandeis.cosi103a.ip2.AppTest" time="0"/>
  <testcase name="testAutomationCardsNotPlayed" classname="edu.brandeis.cosi103a.ip2.AppTest" time="0"/>
</testsuite>